0 info it worked if it ends with ok
1 verbose cli [ 'C:\\Program Files\\nodejs\\node.exe',
1 verbose cli   'C:\\Program Files\\nodejs\\node_modules\\npm\\bin\\npm-cli.js',
1 verbose cli   'start' ]
2 info using npm@3.10.9
3 info using node@v6.9.2
4 verbose run-script [ 'prestart', 'start', 'poststart' ]
5 info lifecycle origo@1.0.0~prestart: origo@1.0.0
6 silly lifecycle origo@1.0.0~prestart: no script for prestart, continuing
7 info lifecycle origo@1.0.0~start: origo@1.0.0
8 verbose lifecycle origo@1.0.0~start: unsafe-perm in lifecycle true
9 verbose lifecycle origo@1.0.0~start: PATH: C:\Program Files\nodejs\node_modules\npm\bin\node-gyp-bin;C:\Users\miul\Documents\GitHub\origo\node_modules\.bin;C:\ProgramData\Oracle\Java\javapath;C:\Windows\system32;C:\Windows;C:\Windows\System32\Wbem;C:\Windows\System32\WindowsPowerShell\v1.0\;C:\Windows\System32\WindowsPowerShell\v1.0\;C:\Program Files\Microsoft SQL Server\130\Tools\Binn\;C:\Program Files (x86)\Boundless\OpenGeo\jetty\jre\bin;C:\Program Files (x86)\Boundless\OpenGeo\bin;C:\Program Files (x86)\Boundless\OpenGeo\sdk\bin;C:\Program Files (x86)\Boundless\OpenGeo\pgsql\bin;C:\Program Files (x86)\Windows Kits\8.1\Windows Performance Toolkit\;C:\Program Files\Microsoft SQL Server\110\Tools\Binn\;C:\Program Files (x86)\Microsoft SDKs\TypeScript\1.0\;C:\Program Files\Microsoft SQL Server\120\Tools\Binn\;c:\Program Files (x86)\Microsoft SQL Server\110\Tools\Binn\ManagementStudio\;c:\Program Files (x86)\Microsoft SQL Server\110\Tools\Binn\;c:\Program Files (x86)\Microsoft SQL Server\110\DTS\Binn\;C:\Windows\system32\config\systemprofile\.dnx\bin;C:\Program Files\Microsoft DNX\Dnvm\;C:\Program Files\nodejs\;C:\apps\FME\;C:\Program Files\FME\;C:\Program Files (x86)\GtkSharp\2.12\bin;C:\Users\miul\AppData\Local\GitHub\PortableGit_63435a79518b44808827aa3194b76bea96231189\cmd;C:\Program Files\Java\jdk1.8.0_91\bin;C:\apache-ant-1.9.7\bin;C:\tomcat\bin;C:\apache-ivy-2.4.0;C:\apache-maven-3.3.9\bin;C:\Users\miul\AppData\Local\atom\bin;C:\Program Files (x86)\Microsoft VS Code\bin;C:\Users\miul\AppData\Roaming\npm;C:\Users\miul\AppData\Local\GitHub\PortableGit_63435a79518b44808827aa3194b76bea96231189\cmd
10 verbose lifecycle origo@1.0.0~start: CWD: C:\Users\miul\Documents\GitHub\origo
11 silly lifecycle origo@1.0.0~start: Args: [ '/d /s /c',
11 silly lifecycle   'budo origo.js:dist/origo.js --live -- --s origo --d' ]
12 silly lifecycle origo@1.0.0~start: Returned: code: 1  signal: null
13 info lifecycle origo@1.0.0~start: Failed to exec start script
14 verbose stack Error: origo@1.0.0 start: `budo origo.js:dist/origo.js --live -- --s origo --d`
14 verbose stack Exit status 1
14 verbose stack     at EventEmitter.<anonymous> (C:\Program Files\nodejs\node_modules\npm\lib\utils\lifecycle.js:255:16)
14 verbose stack     at emitTwo (events.js:106:13)
14 verbose stack     at EventEmitter.emit (events.js:191:7)
14 verbose stack     at ChildProcess.<anonymous> (C:\Program Files\nodejs\node_modules\npm\lib\utils\spawn.js:40:14)
14 verbose stack     at emitTwo (events.js:106:13)
14 verbose stack     at ChildProcess.emit (events.js:191:7)
14 verbose stack     at maybeClose (internal/child_process.js:877:16)
14 verbose stack     at Process.ChildProcess._handle.onexit (internal/child_process.js:226:5)
15 verbose pkgid origo@1.0.0
16 verbose cwd C:\Users\miul\Documents\GitHub\origo
17 error Windows_NT 6.1.7601
18 error argv "C:\\Program Files\\nodejs\\node.exe" "C:\\Program Files\\nodejs\\node_modules\\npm\\bin\\npm-cli.js" "start"
19 error node v6.9.2
20 error npm  v3.10.9
21 error code ELIFECYCLE
22 error origo@1.0.0 start: `budo origo.js:dist/origo.js --live -- --s origo --d`
22 error Exit status 1
23 error Failed at the origo@1.0.0 start script 'budo origo.js:dist/origo.js --live -- --s origo --d'.
23 error Make sure you have the latest version of node.js and npm installed.
23 error If you do, this is most likely a problem with the origo package,
23 error not with npm itself.
23 error Tell the author that this fails on your system:
23 error     budo origo.js:dist/origo.js --live -- --s origo --d
23 error You can get information on how to open an issue for this project with:
23 error     npm bugs origo
23 error Or if that isn't available, you can get their info via:
23 error     npm owner ls origo
23 error There is likely additional logging output above.
24 verbose exit [ 1, true ]
